0 info it worked if it ends with ok
1 verbose cli [ '/usr/local/bin/node',
1 verbose cli   '/usr/local/bin/npm',
1 verbose cli   'run',
1 verbose cli   'test',
1 verbose cli   '--',
1 verbose cli   '--timeout=10000' ]
2 info using npm@3.10.8
3 info using node@v7.0.0
4 verbose run-script [ 'pretest', 'test', 'posttest' ]
5 info lifecycle atscm@0.2.1-alpha.7~pretest: atscm@0.2.1-alpha.7
6 silly lifecycle atscm@0.2.1-alpha.7~pretest: no script for pretest, continuing
7 info lifecycle atscm@0.2.1-alpha.7~test: atscm@0.2.1-alpha.7
8 verbose lifecycle atscm@0.2.1-alpha.7~test: unsafe-perm in lifecycle true
9 verbose lifecycle atscm@0.2.1-alpha.7~test: PATH: /usr/local/lib/node_modules/npm/bin/node-gyp-bin:/Users/lukas/Documents/Bachmann/atscm/atscm/node_modules/.bin:/Users/lukas/Downloads/google-cloud-sdk/bin:/usr/local/bin:/usr/bin:/bin:/usr/sbin:/sbin:/opt/X11/bin
10 verbose lifecycle atscm@0.2.1-alpha.7~test: CWD: /Users/lukas/Documents/Bachmann/atscm/atscm
11 silly lifecycle atscm@0.2.1-alpha.7~test: Args: [ '-c',
11 silly lifecycle   'NODE_ENV=test ATSCM_CONFIG_PATH="${PWD}/test/fixtures/Atviseproject.babel.js" mocha --recursive --require babel-register "test/src/**/*.spec.js" --timeout 10000 "--timeout=10000"' ]
12 silly lifecycle atscm@0.2.1-alpha.7~test: Returned: code: 5  signal: null
13 info lifecycle atscm@0.2.1-alpha.7~test: Failed to exec test script
14 verbose stack Error: atscm@0.2.1-alpha.7 test: `NODE_ENV=test ATSCM_CONFIG_PATH="${PWD}/test/fixtures/Atviseproject.babel.js" mocha --recursive --require babel-register "test/src/**/*.spec.js" --timeout 10000 "--timeout=10000"`
14 verbose stack Exit status 5
14 verbose stack     at EventEmitter.<anonymous> (/usr/local/lib/node_modules/npm/lib/utils/lifecycle.js:255:16)
14 verbose stack     at emitTwo (events.js:106:13)
14 verbose stack     at EventEmitter.emit (events.js:191:7)
14 verbose stack     at ChildProcess.<anonymous> (/usr/local/lib/node_modules/npm/lib/utils/spawn.js:40:14)
14 verbose stack     at emitTwo (events.js:106:13)
14 verbose stack     at ChildProcess.emit (events.js:191:7)
14 verbose stack     at maybeClose (internal/child_process.js:877:16)
14 verbose stack     at Process.ChildProcess._handle.onexit (internal/child_process.js:226:5)
15 verbose pkgid atscm@0.2.1-alpha.7
16 verbose cwd /Users/lukas/Documents/Bachmann/atscm/atscm
17 error Darwin 16.4.0
18 error argv "/usr/local/bin/node" "/usr/local/bin/npm" "run" "test" "--" "--timeout=10000"
19 error node v7.0.0
20 error npm  v3.10.8
21 error code ELIFECYCLE
22 error atscm@0.2.1-alpha.7 test: `NODE_ENV=test ATSCM_CONFIG_PATH="${PWD}/test/fixtures/Atviseproject.babel.js" mocha --recursive --require babel-register "test/src/**/*.spec.js" --timeout 10000 "--timeout=10000"`
22 error Exit status 5
23 error Failed at the atscm@0.2.1-alpha.7 test script 'NODE_ENV=test ATSCM_CONFIG_PATH="${PWD}/test/fixtures/Atviseproject.babel.js" mocha --recursive --require babel-register "test/src/**/*.spec.js" --timeout 10000 "--timeout=10000"'.
23 error Make sure you have the latest version of node.js and npm installed.
23 error If you do, this is most likely a problem with the atscm package,
23 error not with npm itself.
23 error Tell the author that this fails on your system:
23 error     NODE_ENV=test ATSCM_CONFIG_PATH="${PWD}/test/fixtures/Atviseproject.babel.js" mocha --recursive --require babel-register "test/src/**/*.spec.js" --timeout 10000 "--timeout=10000"
23 error You can get information on how to open an issue for this project with:
23 error     npm bugs atscm
23 error Or if that isn't available, you can get their info via:
23 error     npm owner ls atscm
23 error There is likely additional logging output above.
24 verbose exit [ 1, true ]
